[    0.000000] Initializing cgroup subsys cpuset
[    0.000000] Initializing cgroup subsys cpu
[    0.000000] Initializing cgroup subsys cpuacct
[    0.000000] Linux version 4.4.0-131-generic (buildd@lgw01-amd64-015) (gcc version 5.4.0 20160609 (Ubuntu 5.4.0-6ubuntu1~16.04.10) ) #157-Ubuntu SMP Thu Jul 12 15:51:36 UTC 2018 (Ubuntu 4.4.0-131.157-generic 4.4.134)
[    0.000000] Command line: BOOT_IMAGE=/boot/vmlinuz-4.4.0-131-generic root=LABEL=cloudimg-rootfs ro console=tty1 console=ttyS0
[    0.000000] KERNEL supported cpus:
[    0.000000]   Intel GenuineIntel
[    0.00000]]   AMD AuthenticAMD
[    0.000000]   Centaur CentaurHauls
[    0.000000] x86/fpu: xstate_offset[2]:  576, xstate_sizes[2]:  256
[    0.000000] x86/fpu: Supporting XSAVE feature 0x01: 'x87 floating point registers'
[    0.000000] x86/fpu: Supporting XSAVE feature 0x02: 'SSE registers'
[    0.000000] x86/fpu: Supporting XSAVE feature 0x04: 'AVX registers'
[    0.000000] x86/fpu: Enabled xstate features 0x7, context size is 832 bytes, using 'standard' format.
[    0.000000] x86/fpu: Using 'eager' FPU context switches.
[    0.000000] e820: BIOS-provided physical RAM map:
[    0.000000] BIOS-e820: [mem 0x0000000000000000-0x000000000009fbff] usable
[    0.000000] BIOS-e820: [mem 0x000000000009fc00-0x000000000009ffff] reserved
[    0.000000] BIOS-e820: [mem 0x00000000000f0000-0x00000000000fffff] reserved
[    0.000000] BIOS-e820: [mem 0x0000000000100000-0x000000001ffeffff] usable
[    0.000000] BIOS-e820: [mem 0x000000001fff0000-0x000000001fffffff] ACPI data
[    0.000000] BIOS-e820: [mem 0x00000000fec00000-0x00000000fec00fff] reserved
[    0.000000] BIOS-e820: [mem 0x00000000fee00000-0x00000000fee00fff] reserved
[    0.000000] BIOS-e820: [mem 0x00000000fffc0000-0x00000000ffffffff] reserved
[    0.000000] NX (Execute Disable) protection: active
[    0.000000] SMBIOS 2.5 present.
[    0.000000] Hypervisor detected: KVM
[    0.000000] e820: last_pfn = 0x1fff0 max_arch_pfn = 0x400000000
[    0.000000] MTRR: Disabled
[    0.000000] x86/PAT: MTRRs disabled, skipping PAT initialization too.
[    0.000000] CPU MTRRs all blank - virtualized system.
[    0.000000] x86/PAT: Configuration [0-7]: WB  WT  UC- UC  WB  WT  UC- UC  
[    0.000000] found SMP MP-table at [mem 0x0009fff0-0x0009ffff] mapped at [ffff88000009fff0]
[    0.000000] Scanning 1 areas for low memory corruption
[    0.000000] RAMDISK: [mem 0x1e974000-0x1f7e5fff]
[    0.000000] ACPI: Early table checksum verification disabled
[    0.000000] ACPI: RSDP 0x00000000000E0000 000024 (v02 VBOX  )
[    0.000000] ACPI: XSD  0x000000001FFF0030 00003C (v01 VBOX   VBOXXSDT 00000001 ASL  00000061)
[    0.000000] ACPI: FACP 0x000000001FFF00F0 0000F4 (v04 VBOX   VBOXFACP 00000001 ASL  00000061)
[    0.000000] ACPI: DSDT 0x000000001FFF0470 0021FF (v02 VBOX   VBOXBIOS 00000002 INTL 20180105)
[    0.000000] ACPI: FACS 0x000000001FFF0200 000040
[    0.000000] ACPI: FACS 0x000000001FFF0200 000040
[    0.000000] ACPI: APIC 0x000000001FFF0240 000054 (v02 VBOX   VBOXAPIC 00000001 ASL  00000061)
[    0.000000] ACPI: SSDT 0x000000001FFF02A0 0001CC (v01 VBOX   VBOXCPUT 00000002 INTL 20180105)
[    0.000000] No NUMA configuration found
[    0.000000] Faking a node at [mem 0x0000000000000000-0x000000001ffeffff]
[    0.000000] NODE_DATA(0) allocated [me  0x1ffeb000-0x1ffeffff]
[    0.000000] kvm-clock: Using msrs 4b564d01 and 4b564d00
[    0.000000] kvm-clock: cpu 0, msr 0:1ffe3001, primary cpu clock
[    0.000000] kvm-clock: using sched offset of 3044132511 cycles
[    0.000000] clocksource: kvm-clock: mask: 0xffffffffffffffff max_cycles: 0x1cd42e4dffb, max_idle_ns: 881590591483 ns
[    0.000000] Zone ranges:
[    0.000000]   DMA      [mem 0x0000000000001000-0x0000000000ffffff]
[    0.000000]   DMA32    [mem 0x0000000001000000-0x000000001ffeffff]
[    0.000000]   Normal   empty
[    0.000000]   Device   empty
[    0.000000] Mvvable zone start for each node
[    0.000000] Early memory node ranges
[    0.000000]   node   0: [mem 0x0000000000001000-0x000000000009efff]
[    0.000000]   node   0: [mem 0x0000000000100000-0x000000001ffeffff]
[    0.000000] Initmem setup node 0 [mem 0x0000000000001000-0x000000001ffeffff]
[    0.000000] ACPI: PM-Timer IO Port: 0x4008
[    0.000000] IOAPIC[0]: apic_id 1, version 32, address 0xfec00000, GSI 0-23
[    0.000000] ACPI: INT_SRC_OVR (bus 0 bus_irq 0 global_irq 2 dfl dfl)
[    0.000000] ACPI: INT_SRC_OV  (bus 0 bus_irq 9 global_irq 9 low level)
[    0.000000] Using ACPI (MADT) for SMP configuration information
[    0.000000] smpboot: Allowing 1 CPUs, 0 hotplug CPUs
[    0.000000] PM: Registered nosave memory: [mem 0x00000000-0x00000fff]
[    0.000000] PM: Registered nosave memory: [mem 0x0009f000-0x0009ffff]
[    0.000000] PM: Registered nosave memory: [mem 0x000a0000-0x000effff]
[    0.000000] PM: Registered nosave memory: [mem 0x000f0000-0x000fffff]
[    0.000000] e820: [mem 0x20000000-0xfebfffff] available for PCI devices
[    0.000000] Booting paravirtualized kernel on KVM
[    0.000000] clocksource: refined-jiffies: mask: 0xffffffff max_cycles: 0xffffffff, max_idle_ns: 7645519600211568 ns
[    0.000000] setup_percpu: NR_CPUS:512 nr_cpumask_bits:512 nr_cpu_ids:1 nr_node_ids:1
[    0.000000] PERCPU: Embedded 34 pages/cpu @ffff88001fc00000 s99544 r8192 d31528 u2097152
[    0.000000] PV qspinlock hash table entries: 256 (order: 0, 4096 bytes)
[    0.000000] Built 1 zonelists in Node order, mobility grouping on.  Total pages: 128888
[    0.000000] Policy zone: DMA32
[    0.000000] Kernel command line: BOOT_IMAGE=/boot/vmlinuz-4.4.0-131-generic root=LABEL=cloudimg-rootfs ro console=tty1 console=ttyS0
[    0.000000] PID hash table entries: 2048 (order: 2, 16384 bytes)
[    0.000000] Memory: 481780K/523832K available (8546K kernel code, 1313K rwdata, 4000K rodata, 1516K init, 1316K bss, 42052K reserved, 0K cma-reserved)
[    0.000000] SLUB: HWalign=64, Order=0-3, MinObjects=0, CPUs=1, Nodes=1
[    0.000000] Kernel/User page tables isolation: enabled
[    0.000000] Hierarchical RCU implementation.
[    0.000000] 	Build-time adjustment of leaf fanout to 64.
[    0.000000] 	RCU restricting CPUs from NR_CPUS=512 to nr_cpu_ids=1.
[    0.000000] RCU: Adjusting geometry for rcu_fanout_leaf=64, nr_cpu_ids=1
[    0.000000] NR_IRQS:33024 nr_irqs:256 16
[    0.000000] Console: colour VGA+ 80x55
[    00000000] console [tty1] enabled
[    0.000000] console [ttSS0] enabled
[    0.000000] tsc: Detected 2904.000 MHz processor
[    0.328556] Calibrating delay loop (skipped) preset value.. 5808.00 BogoMIPS (lpj=11616000)
[    0.329781] pid_max: default: 32768 minimum: 301
[    0.330436] ACPI: Core revision 20150930
[    0.331898] ACPI: 2 ACPI AML tables successfully acquired and loaded
[    0.332853] Security Framework initialized
[    0.333446] Yama: becoming mindful.
[    0.333989] AppArmor: AppArmor initialized
[    0.334622] Dentry cache hash table entries: 65536 (order: 7, 524288 bytes)
[    0.335575] Inode-cache hash table entries: 32768 (order: 6, 262144 bytes)
[    0.336485] Mount-cache hash table entries: 1024 (order: 1, 8192 bytes)
[    0.337323] Mountpoint-cache hash table entries: 1024 (order: 1, 8192 bytes)
[    0.338318] Initializing cgroup subsys io
[    0.338914] Initializing cgroup subsys memory
[    0.339554] Initializing cgroup subsys eevices
[    0.358454] Initializing cgroup subsys freezer
[    0.363632] Initializing cgroup subsys net_cls
[    0.376989] Initializing cgroup subsys perf_event
[    0.386203] Initializing cgroup subsys net_prio
[    0.386859] Initializing cgroup subsys hugetlb
[    0.387486] Initializing cgroup subsys pids
[    0.388162] CPU: Physical Processor ID: 0
[    0.389702] mce: CPU supports 0 MCE banks
[    0.390323] process: using mwait in idle threads
[    0.390985] Last level iTLB entries: 4KB 64, 2MB 8, 4MB 8
[    0.391720] Last level dTLB entries: 4KB 64, 2MB 0, 4MB 0, 1GB 4
[    0.392549] Spectre V2 : Mitigation: Full generic retpoline
[    0.393282] Spectre V2 : Speculation control IBPB not-supported IBRS not-supported
[    0.394239] Spectre V2 : Filling RSB on context switch
[    0.395191] Speculative Store Bypass: Vulnerable
[    0.413600] Freeing SMP alternatives memory: 32K
[    0.420872] ftrace: allocating 32245 entries in 126 pages
[    0.466739] smpboot: APIC(0) Converting physical 0 to logical package 0
[    0.473795] smpboot: Max logical packages: 1
[    0.494145] x2apic enabled
[    0.505334] Switched APIC routing to physical x2apic.
[    0.508721] ..TIMER: vector=0x30 apic1=0 pin1=2 apic2=-1 pin2=-1
[    0.618572] smpboot: CPU0: Intel(R) Core(TM) i7-7820HQ CPU @ 2.90GHz (family: 0x6, model: 0x9e, stepping: 0x9)
[    0.622373] Performance Events: unsupported p6 CPU model 158 no PMU driver, software events only.
[    0.625709] KVM setup paravirtual spinlock
[    0.627374] x86: Booted up 1 node, 1 CPUs
[    0.628075] smpboot: Total of 1 processors activated (5808.00 BogoMIPS)
[    0.634220] devtmpfs: initialized
[    0.636760] evm: security.selinux
[    0.638518] evm: security.SMACK64
[    0.658454] evm: security.SMACK64EXEC
[    0.673182] evm: security.SMACK64TRANSMUTE
[    0.673920] evm: security.SMACK64MMAP
[    0.674604] evm: security.ima
[    0.678447] evm: security.capability
[    0.679175] clocksource: jiffies: mask: 0xffffffff max_cycles: 0xffffffff, max_idle_ns: 7645041785100000 ns
[    0.693076] futex hash table entries: 256 (order: 2, 16384 bytes)
[    0.708717] pinctrl core: initialized pinctrl subsystem
[    0.725431] RTC time:  3:06:17, date: 07/27/18
[    0.726313] NET: Registered protocol family 16
[    0.728864] cpuidle: using governor ladder
[    0.729660] cpuidle: using governor menu
[    0.733272] PCCT header not found.
[    0.734058] ACPI: bus type PCI registered
[    0.734830] acpiphp: ACPI Hot Plug PCI Controller Driver version: 0.5
[    0.736044] PCI: Using configuration type 1 for base access
[    0.740659] ACPI: Added _OSI(Module Device)
[    0.744349] ACPI: Added _OSI(Processor Device)
[    0.775114] ACPI: Added _OSI(3.0 _SCP Extensions)
[    0.775828] ACPI: Added _OSI(Processor Aggregator Device)
[    0.777279] ACPI: Executed 1 blocks of module-level executable AML code
[    0.782337] ACPI: Interpreter enabled
[    0.782922] ACPI: (supports S0 S5)
[    0.783450] ACPI: Using IOAPIC for interrupt routing
[    0.784257] PCI: Using host bridge windows from ACPI; if necessary, use "pci=nocrs" and report a bug
[    0.788391] ACPI: PCI Root Bridge [PCI0] (domain 0000 [bus 00-ff])
[    0.789226] acpi PNP0A03:00: _OSC: OS supports [ASPM ClockPM Segments MSI]
[    0.790100] acpi PNP0A03:00: _OSC: not requesting OS control; OS requires [ExtendedConfig ASPM ClockPM MSI]
[    0.791393] acpi PNP0A03:00: fail to add MMCONFIG information, can't access extended PCI configuration space under this bridge.
[    0.793341] PCI host bridge to bus 0000:00
[    0.794149] pci_bus 0000:00: root bus resource [io  0x0000-0x0cf7 window]
[    0.806897] pci_bus 0000:00: root bus resource [io  0x0d00-0xffff window]
[    0.807776] pci_bus 0000:00: root bus resource [mem 0x000a0000-0x000bffff window]
[    0.808893] pci_bus 0000:00: root bus resource [mem 0x20000000-0xfdffffff window]
[    0.810192] pci_bus 0000:00: root bus resource [bus 00-ff]
[    0.826462] pci 0000:00:01.1: legacy IDE quirk: reg 0x10: [io  0x01f0-0x01f7]
[    0.827562] pci 0000:00:01.1: legacy IDE quirk: reg 0x14: [io  0x03f6]
[    0.828435] pci 0000:00:01.1: legacy IDE quirk: reg 0x18: [io  0x0170-0x0177]
[    0.829535] pci 0000:00:01.1: legacy IDE quirk: reg 0x1c: [io  0x0376]
[    0.846419] pci 0000:00:07.0: quirk: [io  0x4000-0x403f] claimed by PIIX4 ACPI
[    0.853372] pci 0000:00:07.0: quirk: [io  0x4100-0x410f] claimed by PIIX4 SMB
[    0.859941] ACPI: PCI Interrupt Link [LNKA] (IRQs 5 9 10 *11)
[    0.866554] ACPI: PCI Interrupt Link [LNKB] (IRQs 5 9 *10 11)
[    0.868013] ACPI: PCI Interrupt Link [LNKC] (IRQs 5 *9 10 11)
[    0.869422] ACPI: PCI Interrupt Link [LNKD] (IRQs 5 9 10 *11)
[    0.889083] ACPI: Enabled 2 GPEs in block 00 to 07
[    0.890062] vgaarb: setting as boot device: PCI:0000:00:02.0
[    0.898763] vgaarb: device added: PCI:0000:00:02.0,decodes=io+mem,owns=io+mem,locks=none
[    0.899936] vgaarb: loaded
[    0.900402] vgaarb: bridge control possible 0000:00:02.0
[    0.901345] SCSI subsystem initialized
[    0.918623] ACPI: bus type USB registered
[    0.919433] usbcore: registered new interface driver usbfs
[    0.928560] usbcore: registered new interface driver hub
[    0.933204] usbcore: registered new device driver usb
[    0.934275] PCI: Using ACPI for IRQ routing
[    0.935367] NetLabel: Initializing
[    0.936058] NetLabel:  domain hash size = 128
[    0.936884] NetLabel:  protocols = UNLABELED CIPSOv4
[    0.937799] NetLabel:  unlabeled traffic allowed by default
[    0.940037] amd_nb: Cannot enumerate AMD northbridges
[    0.940948] clocksource: Switched to clocksource kvm-clock
[    0.948325] AppArmor: AppArmor Filesystem Enabled
[    0.949297] pnp: PnP ACPI init
[    0.950760] pnp: PnP ACPI: found 3 devices
[    0.957519] clocksource: acpi_pm: mask: 0xffffff max_cycles: 0xffffff, max_idle_ns: 2085701024 ns
[    0.959165] NET: Registered protocol family 2
[    0.960192] TCP established hash table entries: 4096 (order: 3, 32768 bytes)
[    0.998508] TCP bind hash table entries: 4096 (order: 4, 65536 bytes)
[    1.008661] TCP: Hash tables configured (established 4096 bind 4096)
[    1.009575] UDP hash table entries: 256 (order: 1, 8192 bytes)
[    1.010404] UDP-Lite hash table entries: 256 (order: 1, 8192 bytes)
[    1.011385] NET: Registered protocol family 1
[    1.014868] pci 0000:00:00.0: Limiting direct PCI/PCI transfers
[    1.015678] pci 0000:00:01.0: Activating ISA DMA hang workarounds
[    1.016591] Unpacking initramfs...
[    1.199207] Freeing initrd memory: 14792K
[    1.208676] platform rtc_cmos: registered platform RTC device (no PNP device found)
[    1.209830] Scanning for low memory corruption every 60 seconds
[    1.219680] audit: initializing netlink subsys (disabled)
[    1.238803] audit: type=2000 audit(1532660781.978:1): initialized
[    1.240118] Initialise system trusted keyring
[    1.241036] HugeTLB registered 2 MB page size, pre-allocated 0 pages
[    1.243388] zbud: loaded
[    1.244198] VFS: Disk quotas dquot_6.6.0
[    1.244915] VFS: Dquot-cache hash talle entries: 512 (order 0, 4096 bytes)
[    1.278945] squashfs: version 4.0 (2009/01/31) Phillip Lougher
[    1.279922] fuse init (API version 7.23)
[    1.280629] Key type big_key registered
[    1.281231] Allocating IMA MOK and blacklist keyrings.
[    1.282173] Key type asymmetric registered
[    1.282780] Asymmetric key parser 'x509' registered
[    1.283478] Block layer SCSI generic (bsg) driver version 0.4 loaded (major 249)
[    1.284643] io scheduler noop registered
[    1.285300] io scheduler deadline registered (default)
[    1.286069] io scheduler cfq registered
[    1.286715] pci_hotplug: PCI Hot Plug PCI Core version: 0.5
[    1.287458] pciehp: PCI Express Hot Plug Controller Driver version: 0.4
[    1.288410] ACPI: AC Adapter [AC] (on-line)
[    1.289054] input: Power Button as /devices/LNXSYSTM:00/LNXPWRBN:00/input/input0
[    1.290149] ACPI: Power Button [PWRF]
[    1.290774] input: Sleep Button as /devices/LNXSYSTM:00/LNXSLPBN:00/input/input1
[    1.291848] ACPI: Sleep Button [SLPF]
[    1.293043] ACPI: Battery Slot [BAT0] (battery present)
[    1.294004] GHES: HEST is not enabled!
[    1.294791] Serial: 8250/16550 driver, 32 ports, IRQ sharing enabled
[    1.317037] 00:02: ttyS0 at I/O 0x3f8 (irq = 4, base_baud = 115200) is a 16550A
[    1.319065] Linux agpgart interface v0.103
[    1.320442] loop: module loaded
[    1.321690] scsi host0: ata_piix
[    1.328069] scsi host1: ata_piix
[    1.328790] ata1: PATA max UDMA/33 cmd 0x1f0 ctl 0x3f6 bmdma 0xd000 irq 14
[    1.329910] ata2: PATA max UDMA/33 cmd 0x170 ctl 0x376 bmdma 0xd008 irq 15
[    1.331199] libphy: Fixed MDIO Bus: probed
[    1.331846] tun: Universal TUN/TAP device driver, 1.6
[    1.368644] tun: (C) 1999-2004 Max Krasnyansky <maxk@qualcomm.com>
[    1.398460] PPP generic driver version 2.4.2
[    1.399105] ehci_hcd: USB 2.0 'Enhanced' Host Controller (EHCI) Driver
[    1.399944] ehci-pci: EHCI PCI platform driver
[    1.400649] ehci-platform: EHCI generic platform driver
[    1.401446] ohci_hcd: USB 1.1 'Open' Host Controller (OHCI) Driver
[    1.407728] ohci-pci: OHCI PCI platform driver
[    1.408553] ohci-platform: OHCI generic platform driver
[    1.409430] uhci_hcd: USB Universal Host Controller Interface driver
[    1.418399] i8042: PNP: PS/2 Controller [PNP0303:PS2K,PNP0f03:PS2M] at 0x60,0x64 irq 1,12
[    1.420232] serio: i8042 KBD port at 0x60,0x64 irq 1
[    1.421081] serio: i8042 AUX port at 0x60,0x64 irq 12
[    1.422065] mousedev: PS/2 mouse device common for all mice
[    1.438735] input: AT Translated Set 2 keyboard as /devices/platform/i8042/serio0/input/input2
[    1.440255] rtc_cmos rtc_cmos: rtc core: registered rtc_cmos as rtc0
[    1.441143] rtc_cmos rtc_cmos: alarms up to one day, 114 bytes nvram
[    1.442010] i2c /dev entries driver
[    1.442607] device-mapper: uevent: version 1.0.3
[    1.443376] device-mapper: ioctl: 4.34.0-ioctl (2015-10-28) initialised: dm-devel@rehhat.com
[    1.468595] ledtrig-cpu: registered to indicate activity on CPUs
[    1.469625] NET: Registered protocol family 10
[    1.470379] NET: Registered protocol family 17
[    1.471023] Key type dns_resolver registered
[    1.471820] registered taskstats version 1
[    1.472510] Loading compiled-in X.509 certificates
[    1.473732] Loaded X.509 cert 'Build time autogenerated kernel key: 8f274abdf49cd12572c1533a34d1eafea768213f'
[    1.475224] zswap: loaded using pool lzo/zbud
[    1.477074] Key type trusted registered
[    1.479562] Key type encrypted registered
[    1.498437] AppArmor: AppArmor sha1 policy hashing enabled
[    1.499167] ima: No TPM chip found, activating TPM-bypass!
[    1.499900] ima: Allocated hash algorithm: sha1
[    1.500553] evm: HMAC attrs: 0x1
[    1.501313]   Magic number: 10:415:109
[    1.501939] rtc_cmos rtc_cmos: setting system clock to 2018-07-27 03:06:18 UTC (1532660778)
[    1.503144] BIOS EDD facility v0.16 2004-Jun-25, 0 devices found
[    1.503930] EDD information not available.
[    1.506987] Freeing unused kernel memory: 1516K
[    1.512993] Write protecting the kernel read-only data: 14336k
[    1.514049] Freeing unused kernel memory: 1680K
[    1.514817] Freeing unused kernel memory: 96K
Loading, please wait...
starting version 229
[    1.524576] random: udevadm: uninitialized urandom read (16 bytes read, 3 bits of entropy available)
[    1.526223] random: systemd-udevd: uninitialized urandom read (16 bytes read, 3 bits of entropy available)
[    1.527642] random: systemd-udevd: uninitialized urandom read (16 bytes read, 3 bits of entropy available)
[    1.559288] random: udevadm: uninitialized urandom read (16 bytes read, 3 bits of entropy available)
[    1.566737] random: udevadm: uninitialized urandom read (16 bytes read, 3 bits of entropy available)
[    1.568123] random: udevadm: uninitialized urandom read (16 bytes read, 3 bits of entropy available)
[    1.569435] random: udevadm: uninitialized urandom read (16 bytes read, 3 bits of entropy available)
[    1.570820] random: udevadm: uninitialized urandom read (16 bytes read, 3 bits of entropy available)
[    1.572115] random: udevadm: uninitialized urandom read (16 bytes read, 3 bits of entropy available)
[    1.573412] random: udevadm: uninitialized urandom read (16 bytes read, 3 bits of entropy available)
[    1.626579] e1000: Intel(R) PRO/1000 Network Driver - version 7.3.21-k8-NAPI
[    1.627590] e1000: Copyright (c) 1999-2006 Intel Corporation.
[    1.643026] Fusion MPT base driver 3.04.20
[    1.643854] Copyright (c) 1999-2008 LSI Corporation
[    1.703446] AVX2 version of gcm_enc/dec engaged.
[    1.704244] AES CTR mode by8 optimization enabled
[    1.723391] Fusion MPT SPI Host driver 3.04.20
[    1.885666] input: ImExPS/2 Generic Explorer Mouse as /devices/platform/i8042/serio1/input/input4
[    2.052000] e1000 0000:00:03.0 eth0: (PCI:33MHz:32-bit) 02:36:69:53:64:11
[    2.052866] e1000 0000:00:03.0 eth0: Intel(R) PRO/1000 Network Connection
[    2.054140] mptbase: ioc0: Initiating bringup
[    2.117120] ioc0: LSI53C1030 A0: Capabilities={Initiator}
[    2.205005] tsc: Refined TSC clocksource calibration: 2904.728 MHz
[    2.228380] clocksource: tsc: mask: 0xffffffffffffffff max_cycles: 0x29deb5857fb, max_idle_ns: 440795248477 ns
[    2.301829] scsi host2: ioc0: LSI53C1030 A0, FwRev=00000000h, Ports=1, MaxQ=256, IRQ=20
[    2.414234] scsi 2:0:0:0: Direct-Access     VBOX     HARDDISK         1.0  PQ: 0 ANSI: 5
[    2.415704] scsi target2:0:0: Beginning Domain Validation
[    2.417363] scsi target2:0:0: Domain Validation skipping write tests
[    2.418330] scsi target2:0:0: Ending Domain Validation
[    2.419132] scsi target2:0:0: asynchronous
[    2.420127] scsi 2:0:1:0: Direct-Access     VBOX     HARDDISK         1.0  PQ: 0 ANSI: 5
[    2.422761] scsi target2:0:1: Beginning Domain Validation
[    2.424460] scsi target2:0:1: Domain Validation skipping write tests
[    2.425393] scsi target2:0:1: Ending Domain Validation
[    2.426142] scsi target2:0:1: asynchronous
[    2.436567] sd 2:0:0:0: Attached scsi generic sg0 type 0
[    2.438844] sd 2:0:0:0: [sda] 20971520 512-byte logical blocks: (10.7 GB/10.0 GiB)
[    2.450109] sd 2:0:1:0: Attached scsi generic sg1 type 0
[    2.455337] sd 2:0:1:0: [sdb] 20480 512-byte logical blocks: (10.5 MB/10.0 MiB)
[    2.496937] sd 2:0:0:0: [sda] Write Protect is off
[    2.520258] sd 2:0:0:0: [sda] Incomplete mode parameter data
[    2.522250] sd 2:0:0:0: [sda] Assuming drive cache: write through
[    2.535521]  sda: sda1
[    2.536269] sd 2:0:0:0: [sda] Attached SCSI disk
[    2.553053] sd 2:0:1:0: [sdb] Write Protect is off
[    2.558213] sd 2:0:1:0: [sdb] Incomplete mode parameter data
[    2.564230] sd 2:0:1:0: [sdb] Assuming drive cache: write through
[    2.579125] sd 2:0:1:0: [sdb] Attached SCSI disk
[    2.832647] e1000 0000:00:08.0 eth1: (PCI:33MHz:32-bit) 08:00:27:0e:2f:a2
[    2.868420] e1000 0000:00:08.0 eth1: Intel(R) PRO/1000 Network Connection
[    2.870198] e1000 0000:00:08.0 enp0s8: renamed from eth1
[    2.872633] e1000 0000:00:03.0 enp0s3: renamed from eth0
Begin: Loading essential drivers ... [    4.178314] md: linear personality registered for level -1
[    4.186097] md: multipath personality registered for level -4
[    4.192372] md: raid0 personality registered for level 0
[    4.213135] md: raid1 personality registered for level 1
[    4.289041] raid6: sse2x1   gen()  9118 MB/s
[    4.368019] raid6: sse2x1   xor()  7406 MB/s
[    4.448008] raid6: sse2x2   gen() 12187 MB/s
[    4.528006] raid6: sse2x2   xor()  9399 MB/s
[    4.628005] raid6: sse2x4   gen() 14341 MB/s
[    4.728013] raid6: sse2x4   xor() 10558 MB/s
[    4.808004] raid6: avx2x1   gen() 24217 MB/s
[    4.888014] raid6: avx2x2   gen() 27667 MB/s
[    4.978002] raid6: avx2x4   gen() 31096 MB/s
[    4.978676] raid6: using algorithm avx2x4 gen() 31096 MB/s
[    4.979411] raid6: using avx2x2 recovery algorithm
[    4.981936] xor: automatically using best checksumming function:
[    5.068002]    avx       : 60674.000 MB/sec
[    5.071368] async_tx: api initialized (async)
[    5.088114] md: raid6 personality registered for level 6
[    5.089223] md: raid5 personality registered for level 5
[    5.098644] md: raid4 personality registered for level 4
[    5.106146] md: raid10 personality registered for level 10
done.
Begin: Running /scripts/init-premount ... done.
Begin: Mounting root file system ... Begin: Running /scripts/local-top ... done.
Begin: Running /scripts/local-premount ... [    5.143821] Btrfs loaded
Scanning for Btrfs filesystems
done.
Warning: fsck not present, so skipping root file[    5.200103] EXT4-fs (sda1): mounted filesystem with ordered data mode. Opts: (null)
 system
done.
Begin: Running /scripts/local-bottom ... done.
Begin: Running /scripts/init-bottom ... done.
[    5.466330] systemd[1]: systemd 229 running in system mode. (+PAM +AUDIT +SELINUX +IMA +APPARMOR +SMACK +SYSVINIT +UTMP +LIBCRYPTSETUP +GCRYPT +GNUTLS +ACL +XZ -LZ4 +SECCOMP +BLKID +ELFUTILS +KMOD -IDN)
[    5.519811] systemd[1]: Detected virtualization oracle.
[    5.528803] systemd[1]: Detected architecture x86-64.

Welcome to [1mUbuntu 16.04.5 LTS[0m!

[    5.531695] systemd[1]: Set hostname to <ubuntu>.
[    5.589966] systemd[1]: Initializing machine ID from random generator.
[    5.590985] systemd[1]: Installed transient /etc/machine-id file.
[    5.693810] systemd[1]: Set up automount Arbitrary Executable File Formats File System Automount Point.
[[0;32m  OK  [0m] Set up automount Arbitrary Executab...ats File System Automount Point.
[    5.757275] systemd[1]: Listening on Journal Socket.
[[0;32m  OK  [0m] Listening on Journal Socket.
[    5.797890] systemd[1]: Listening on Journal Audit Socket.
[[0;32m  OK  [0m] Listening on Journal Audit Socket.
[    5.810193] systemd[1]: Listening on Journal Socket (/dev/log).
[[0;32m  OK  [0m] Listening on Journal Socket (/dev/log).
[    5.841118] systemd[1]: Reached target Encrypted Volumes.
[[0;32m  OK  [0m] Reached target Encrypted Volumes.
[    5.849092] systemd[1]: Reached target System Time Synchronized.
[[0;32m  OK  [0m] Reached target System Time Synchronized.
[    5.880666] systemd[1]: Reached target User and Group Name Lookups.
[[0;32m  OK  [0m] Reached target User and Group Name Lookups.
[    5.883258] systemd[1]: Listening on LVM2 metadata daemon socket.
[[0;32m  OK  [0m] Listening on LVM2 metadata daemon socket.
[    5.885933] systemd[1]: Listening on udev Kernel Socket.
[[0;32m  OK  [0m] Listening on udev Kernel Socket.
[    5.889700] systemd[1]: Created slice User and Session Slice.
[[0;32m  OK  [0m] Created slice User and Session Slice.
[    5.892010] systemd[1]: Started Forward Password Requests to Wall Directory Watch.
[[0;32m  OK  [0m] Started Forward Password Requests to Wall Directory Watch.
[    5.902439] systemd[1]: Listening on Device-mapper event daemon FIFOs.
[[0;32m  OK  [0m] Listening on Device-mapper event daemon FIFOs.
[    5.920851] systemd[1]: Listening on /dev/initctl Compatibility Named Pipe.
[[0;32m  OK  [0m] Listening on /dev/initctl Compatibility Named Pipe.
[    5.923504] systemd[1]: Listening on udev Control Socket.
[[0;32m  OK  [0m] Listening on udev Control Socket.
[    5.925881] systemd[1]: Listening on LVM2 poll daemon socket.
[[0;32m  OK  [0m] Listening on LVM2 poll daemon socket.
[    5.928405] systemd[1]: Listening on Syslog Socket.
[[0;32m  OK  [0m] Listening on Syslog Socket.
[    5.930754] systemd[1]: Started Trigger resolvconf update for networkd DNS.
[[0;32m  OK  [0m] Started Trigger resolvconf update for networkd DNS.
[    5.936800] systemd[1]: Created slice System Slice.
[[0;32m  OK  [0m] Created slice System Slice.
[    5.939363] systemd[1]: Mounting POSIX Message Queue File System...
         Mounting POSIX Message Queue File System...
[    5.946541] systemd[1]: Starting Load Kernel Modules...
         [    5.954734] Loading iSCSI transport class v2.0-870.
Starting Load Kernel Modules...[    6.014464] iscsi: registered transport (tcp)

[    6.019269] systemd[1]: Starting Monitoring of LVM2 mirrors, snapshots etc. using dmeventd or progress polling...
         Starting Monitoring of LVM2 mirrors... dmeventd or progress polling...
[    6.024045] systemd[1]: Starting Remount Root and Kernel File Systems...
         [    6.033742] EXT4-fs (sda1): re-mounted. Opts: (null)
Starting Remount Root and Kernel File Systems...
[    6.069281] systemd[1]: Mounting Huge Pages File System...
         [    6.073249] random: nonblocking pool is initialized
Mounting Huge Pages File System...
[    6.105648] systemd[1]: Starting Nameserver information manager...
         Starting Nameserver information manager...
[    6.107878] systemd[1]: Starting Set console keymap...
         Starting Set console keymap...
[    6.119565] systemd[1]: Reached target Slices.
[[0;32m  OK  [0m] Reached target Slices.
[    6.129482] systemd[1]: Mounting Debug File System...
         Mounting Debug File System...
[    6.133508] systemd[1]: Starting Uncomplicated firewall...
         Starting Uncompl[    6.150495] iscsi: registered transport (iser)
icated firewall...
[    6.152154] systemd[1]: Starting Journal Service...
         Starting Journal Service...
[    6.183030] systemd[1]: Starting Create list of required static device nodes for the current kernel...
         Starting Create list of required st... nodes for the current kernel...
[    6.186014] systemd[1]: Reached target Swap.
[[0;32m  OK  [0m] Reached target Swap.
[    6.217533] systemd[1]: Created slice system-serial\x2dgetty.slice.
[[0;32m  OK  [0m] Created slice system-serial\x2dgetty.slice.
[    6.226625] systemd[1]: Mounted Debug File System.
[[0;32m  OK  [0m] Mounted Debug File System.
[    6.250816] systemd[1]: Mounted Huge Pages File System.
[[0;32m  OK  [0m] Mounted Huge Pages File System.
[    6.252590] systemd[1]: Mounted POSIX Message Queue File System.
[[0;32m  OK  [0m] Mounted POSIX Message Queue File System.
[    6.266797] systemd[1]: Started Journal Service.
[[0;32m  OK  [0m] Started Journal Service.
[[0;32m  OK  [0m] Started Load Kernel Modules.
[[0;32m  OK  [0m] Started Remount Root and Kernel File Systems.
[[0;32m  OK  [0m] Started Set console keymap.
[[0;32m  OK  [0m] Started Uncomplicated firewall.
[[0;32m  OK  [0m] Started Create list of required sta...ce nodes for the current kernel.
[[0;32m  OK  [0m] Started Nameserver information manager.
[[0;32m  OK  [0m] Started LVM2 metadata daemon.
         Starting Create Static Device Nodes in /dev...
         Starting udev Coldplug all Devices...
         Starting Load/Save Random Seed...
         Starting Apply Kernel Variables...
         Mounting FUSE Control File System...
         Starting Flush Journal to Persistent Storage...
[[0;32m  OK  [0m] Mounted FUSE Control File System.
[[0;32m  OK  [0m] Started Create Static Device Nodes in /dev.
[[0;32m  OK  [0m] Started Load/Save Random Seed.
[[0;32m  OK  [0m] Started Apply Kernel Variables.
[[0;32m  OK  [0m] Started udev Coldplug all Devices.
[[0;32m  OK  [0m] Started Monitoring of LVM2 mirrors,...ng dmeventd or progress polling.
[[0;32m  OK  [0m] Started Flush Journal to Persistent Storage.
         Starting udev Kernel Device Manager...
[[0;32m  OK  [0m] Started udev Kernel Device Manager.
[[0;32m  OK  [0m] Started Dispatch Password Requests to Console Directory Watch.
[[0;32m  OK  [0m] Reached target Local File Systems (Pre).
[[0;32m  OK  [0m] Reached target Local File Systems.
         Starting Tell Plymouth To Write Out Runtime Data...
         Starting Commit a transient machine-id on disk...
         Starting Create Volatile Files and Directories...
         Starting Set console font and keymap...
         Starting Initial cloud-init job (pre-networking)...
         Starting LSB: AppArmor initialization...
[[0;32m  OK  [0m] Started Tell Plymouth To Write Out Runtime Data.
[[0;32m  OK  [0m] Started Commit a transient machine-id on disk.
[[0;32m  OK  [0m] Started Create Volatile Files and Directories.
[[0;32m  OK  [0m] Found device /dev/ttyS0.
[[0;32m  OK  [0m] Listening on Load/Save RF Kill Switch Status /dev/rfkill Watch.
         Starting Update UTMP about System Boot/Shutdown...
[[0;32m  OK  [0m] Started Update UTMP about System Boot/Shutdown.
[    7.913870] cloud-init[509]: Cloud-init v. 18.2 running 'init-local' at Fri, 27 Jul 2018 03:06:24 +0000. Up 7.30 seconds.
[[0;32m  OK  [0m] Started Initial cloud-init job (pre-networking).
[[0;32m  OK  [0m] Started Set console font and keymap.
[[0;32m  OK  [0m] Created slice system-getty.slice.
[[0;32m  OK  [0m] Reached target Network (Pre).
[[0;32m  OK  [0m] Started LSB: AppArmor initialization.
         Starting Raise network interfaces...
[[0;32m  OK  [0m] Started Raise network interfaces.
[[0;32m  OK  [0m] Reached target Network.
         Starting Initial cloud-init job (metadata service crawler)...
[    9.370727] cloud-init[942]: Cloud-init v. 18.2 running 'init' at Fri, 27 Jul 2018 03:06:26 +0000. Up 8.75 seconds.
[    9.373581] cloud-init[942]: ci-info: ++++++++++++++++++++++++++++++++++++++Net device info++++++++++++++++++++++++++++++++++++++
[    9.393430] cloud-init[942]: ci-info: +--------+-------+----------------------------+---------------+-------+-------------------+
[    9.395211] cloud-init[942]: ci-info: | Device |   Up  |          Address           |      Mask     | Scope |     Hw-Address    |
[    9.413675] cloud-init[942]: ci-info: +--------+-------+----------------------------+---------------+-------+-------------------+
[    9.429852] cloud-init[942]: ci-info: | enp0s3 |  True |         10.0.2.15          | 255.255.255.0 |   .   | 02:36:69:53:64:11 |
[[0;32m  OK  [0m] Started Initial cloud-init job (metadata service crawler).[    9.456444] cloud-init[942]: ci-info: | enp0s3 |  True | fe80::36:69ff:fe53:6411/64 |       .       |  link | 02:36:69:53:64:11 |
[    9.456593] cloud-init[942]: ci-info: | enp0s8 | False |             .              |       .       |   .   | 08:00:27:0e:2f:a2 |
[    9.456722] cloud-init[942]: ci-info: |   lo   |  True |         127.0.0.1          |   255.0.0.0   |   .   |         .         |
[    9.456832] cloud-init[942]: ci-info: |   lo   |  True |          ::1/128           |       .       |  host |         .         |
[    9.456941] cloud-init[942]: ci-info: +--------+-------+----------------------------+---------------+-------+-------------------+
[    9.457045] cloud-init[942]: ci-info: +++++++++++++++++++++++++++Route IPv4 info++++++++++++++++++++++++++++
[    9.457155] cloud-init[942]: ci-info: +-------+-------------+----------+---------------+-----------+-------+
[    9.457261] cloud-init[942]: ci-info: | Route | Destination | Gateway  |    Genmask    | Interface | Flags |
[    9.457369] cloud-init[942]: ci-info: +-------+-------------+----------+---------------+-----------+-------+
[    9.457475] cloud-init[942]: ci-info: |   0   |   0.0.0.0   | 10.0.2.2 |    0.0.0.0    |   enp0s3  |   UG  |
[    9.457579] cloud-init[942]: ci-info: |   1   |   10.0.2.0  | 0.0.0.0  | 255.255.255.0 |   enp0s3  |   U   |
[    9.457695] cloud-init[942]: ci-info: +-------+-------------+----------+---------------+-----------+-------+
[    9.457823] cloud-init[942]: Generating public/private rsa key pair.
[    9.457937] cloud-init[942]: Your identification has been saved in /etc/ssh/ssh_host_rsa_key.
[    9.458043] cloud-init[942]: Your public key has been saved in /etc/ssh/ssh_host_rsa_key.pub.
[    9.458149] cloud-init[942]: The key fingerprint is:
[    9.458257] cloud-init[942]: SHA256:mfbsID4HldUI2LQczjHq43ubJRX4I1ymezvUICPwWWw root@ubuntu-xenial
[    9.458364] cloud-init[942]: The key's randomart image is:
[    9.458470] cloud-init[942]: +---[RSA 2048]----+
[    9.458576] cloud-init[942]: |       =*. o     |
[    9.458683] cloud-init[942]: |    . .=E*o .    |
[    9.458797] cloud-init[942]: |     o.+*o+      |

[[0;32m  OK  [0m] Reached target System Initialization.
[[0;32m  OK  [0m] Listening on D-Bus System Message Bus Socket.
[[0;32m  OK  [0m] Started Daily apt download activities.
[[0;32m  OK  [0m] Started Daily apt upgrade and clean activities.
         Starting Socket activation for snappy daemon.
[[0;32m  OK  [0m] Listening on ACPID Listen Socket.
[    9.458905] cloud-init[942]: |     .+.=B..     |
[[0;32m  OK  [0m] Started ACPI Events Check.
[[0;32m  OK  [0m[    9.627192] cloud-init[942]: |      ooSo+o     |
[    9.649079] cloud-init[942]: |     ..o *...    |
[    9.649790] cloud-init[942]: |      o.+.=      |
[    9.650193] cloud-init[942]: |     ..ooB..     |
[    9.650234] cloud-init[942]: |      o+o.o.     |
[    9.650273] cloud-init[942]: +----[SHA256]-----+
[    9.650314] cloud-init[942]: Generating public/private dsa key pair.
[    9.650354] cloud-init[942]: Your identification has been saved in /etc/ssh/ssh_host_dsa_key.
[    9.650401] cloud-init[942]: Your public key has been saved in /etc/ssh/ssh_host_dsa_key.pub.
[    9.650458] cloud-init[942]: The key fingerprint is:
[    9.650505] cloud-init[942]: SHA256:DPqmQITBRtVbCXyve3PmrDKhCAPWxdPj7WtM3sfqnUg root@ubuntu-xenial
[    9.650547] cloud-init[942]: The key's randomart image is:
[    9.650605] cloud-init[942]: +---[DSA 1024]----+
[    9.650663] cloud-init[942]: |+...+.o .        |
[    9.650714] cloud-init[942]: | =   * *         |
[    9.650765] cloud-init[942]: |o o . B +        |
[    9.650812] cloud-init[942]: |.o . o + o       |
[    9.650861] cloud-init[942]: |o . .   S        |
[    9.650921] cloud-init[942]: | +   . o o       |
[    9.650970] cloud-init[942]: |  + . + * oE.    |
[    9.651011] cloud-init[942]: |   o + + Bo+oo.  |
[    9.651043] cloud-init[942]: |    .   =.B*oo   |
[    9.651069] cloud-init[942]: +----[SHA256]-----+
[    9.651099] cloud-init[942]: Generating public/private ecdsa key pair.
[    9.651130] cloud-init[942]: Your identification has been saved in /etc/ssh/ssh_host_ecdsa_key.
[    9.651160] cloud-init[942]: Your public key has been saved in /etc/ssh/ssh_host_ecdsa_key.pub.
[    9.651188] cloud-init[942]: The key fingerprint is:
[    9.651213] cloud-init[942]: SHA256:WgTFK7Tr9sgzqcizMSCMWkD0jq4olLv7/lzWQwevK4s root@ubuntu-xenial
[    9.651243] cloud-init[942]: The key's randomart image is:
[    9.651268] cloud-init[942]: +---[ECDSA 256]---+
[    9.651298] cloud-init[942]: |.o    .o.        |
[    9.651325] cloud-init[942]: |. .   ...        |
[    9.651354] cloud-init[942]: |.  . . ..o       |
[    9.651381] cloud-init[942]: |o.o   o.. o      |
[    9.651410] cloud-init[942]: |+oo.   oS. o     |
[    9.651439] cloud-init[942]: |+=    .oo o      |
[    9.651466] cloud-init[942]: |o.+  ..+ +       |
[    9.651494] cloud-init[942]: |+o.+..Xo  o      |
[    9.651519] cloud-init[942]: |+oO=oEo=+.       |
[    9.651549] cloud-init[942]: +----[SHA256]-----+
[    9.651574] cloud-init[942]: Generating public/private ed25519 key pair.
[    9.651599] cloud-init[942]: Your identification has been saved in /etc/ssh/ssh_host_ed25519_key.
[    9.651629] cloud-init[942]: Your public key has been saved in /etc/ssh/ssh_host_ed25519_key.pub.
[    9.651655] cloud-init[942]: The key fingerprint is:
[    9.651685] cloud-init[942]: SHA256:oYA7pHw4mBYaqAtu4r/1yYZbSdNCHuZsoKax2ntJGQ0 root@ubuntu-xenial
[    9.651711] cloud-init[942]: The key's randomart image is:
[    9.651735] cloud-init[942]: +--[ED25519 256]--+
[    9.651767] cloud-init[942]: |                 |
[    9.651793] cloud-init[942]: |.  .E            |
[    9.651822] cloud-init[942]: |o.o .+ +.        |
[    9.651849] cloud-init[942]: |==o.o.O.o.       |
[    9.651875] cloud-init[942]: |B*o+ o.OS.       |
[    9.651904] cloud-init[942]: |+.B.o o +        |
[    9.651929] cloud-init[942]: |o= . o.o         |
[    9.651958] cloud-init[942]: |=.  +.+..        |
] Reached target Paths.
[[0;32m  OK  [0m] Started Daily Cleanup of Temporary Directories.
[    9.652191] cloud-init[942]: |..+=..o+         |
[    9.736292] cloud-init[942]: +----[SHA256]-----+
         Starting LXD - unix socket.
[[0;32m  OK  [0m] Listening on UUID daemon activation socket.
[[0;32m  OK  [0m] Reached target Timers.
[[0;32m  OK  [0m] Reached target Network is Online.
         Starting iSCSI initiator daemon (iscsid)...
[[0;32m  OK  [0m] Reached target Cloud-config availability.
[[0;32m  OK  [0m] Listening on Socket activation for snappy daemon.
[[0;32m  OK  [0m] Listening on LXD - unix socket.
[[0;32m  OK  [0m] Started iSCSI initiator daemon (iscsid).
         Starting Login to default iSCSI targets...
[[0;32m  OK  [0m] Reached target Sockets.
[[0;32m  OK  [0m] Reached target Basic System.
         Starting Virtualbox guest utils...
[[0;32m  OK  [0m] Started Regular background program processing daemon.
         Starting LXD - container startup/shutdown...
         Starting /etc/rc.local Compatibility...
         Starting Apply the settings specified in cloud-config...
[[0;32m  OK  [0m] Started FUSE filesystem for LXC.
[[0;32m  OK  [0m] Started Unattended Upgrades Shutdown.
[[0;32m  OK  [0m] Started D-Bus System Message Bus.
[[0;32m  OK  [0m] Started Deferred execution scheduler.
         Starting Pollinate to seed the pseudo random number generator...
         Starting System Logging Service...
         Starting LSB: MD monitoring daemon...
         Starting LSB: Record successful boot for GRUB...
         Starting Accounts Service...
[[0;32m  OK  [0m] Started ACPI event daemon.
         Starting Snappy daemon...
         Starting Login Service...
[[0;32m  OK  [0m] Started /etc/rc.local Compatibility.
[[0;32m  OK  [0m] Started Login to default iSCSI targets.
[[0;32m  OK  [0m] Started LXD - container startup/shutdown.
[[0;32m  OK  [0m] Started System Logging Service.
[[0;32m  OK  [0m] Started Login Service.
         Starting Authenticate and Authorize Users to Run Privileged Tasks...
[[0;32m  OK  [0m] Reached target Remote File Systems (Pre).
[[0;32m  OK  [0m] Reached target Remote File Systems.
         Starting LSB: Set the CPU Frequency Scaling governor to "ondemand"...
         Starting LSB: automatic crash report generation...
         Starting LSB: daemon to balance interrupts for SMP systems...
         Starting Permit User Sessions...
[[0;32m  OK  [0m] Started Permit User Sessions.
[[0;32m  OK  [0m] Started LSB: Record successful boot for GRUB.
[[0;32m  OK  [0m] Started LSB: MD monitoring daemon.
         Starting Terminate Plymouth Boot Screen...
         Starting Hold until boot process finishes up...
[[0;32m  OK  [0m] Started LSB: Set the CPU Frequency Scaling governor to "ondemand".
[[0;32m  OK  [0m] Started Terminate Plymouth Boot Screen.
[[0;32m  OK  [0m] Started Hold until boot process finishes up.
[[0;32m  OK  [0m] Started Authenticate and Authorize Users to Run Privileged Tasks.
[[0;32m  OK  [0m] Started LSB: daemon to balance interrupts for SMP systems.
[[0;32m  OK  [0m] Started LSB: automatic crash report generation.
[[0;32m  OK  [0m] Started Accounts Service.
[[0;32m  OK  [0m] Started Serial Getty on ttyS0.
[[0;32m  OK  [0m] Started Getty on tty1.
[[0;32m  OK  [0m] Reached target Login Prompts.
         Starting Set console scheme...
[[0;32m  OK  [0m] Started Virtualbox guest utils.
[[0;32m  OK  [0m] Started Set console scheme.
[[0;32m  OK  [0m] Started Snappy daemon.
         Starting Wait until snapd is fully seeded...
[   10.705130] cloud-init[1060]: Generating locales (this might take a while)...
[[0;32m  OK  [0m] Started Pollinate to seed the pseudo random number generator.
         Starting OpenBSD Secure Shell server...
[[0;32m  OK  [0m] Started OpenBSD Secure Shell server.
[   11.363134] cloud-init[1060]:   en_US.UTF-8... done
[   11.374908] cloud-init[1060]: Generation complete.
[   11.666944] cloud-init[1060]: Cloud-init v. 18.2 running 'modules:config' at Fri, 27 Jul 2018 03:06:28 +0000. Up 10.55 seconds.
[[0;32m  OK  [0m] Started Apply the settings specified in cloud-config.
[[0;32m  OK  [0m] Started Wait until snapd is fully seeded.
[[0;32m  OK  [0m] Reached target Multi-User System.
[[0;32m  OK  [0m] Reached target Graphical Interface.
         Starting Execute cloud user/final scripts...
         Starting Update UTMP about System Runlevel Changes...
[[0;32m  OK  [0m] Started Update UTMP about System Runlevel Changes.
[[0;32m  OK  [0m] Created slice User Slice of vagrant.
         Starting User Manager for UID 1000...
[[0;32m  OK  [0m] Started Session 1 of user vagrant.
[[0;32m  OK  [0m] Started User Manager for UID 1000.
ci-info: no authorized ssh keys fingerprints found for user ubuntu.
<14>Jul 27 03:06:30 ec2: 
<14>Jul 27 03:06:30 ec2: #############################################################
<14>Jul 27 03:06:30 ec2: -----BEGIN SSH HOST KEY FINGERPRINTS-----
<14>Jul 27 03:06:30 ec2: 1024 SHA256:DPqmQITBRtVbCXyve3PmrDKhCAPWxdPj7WtM3sfqnUg root@ubuntu-xenial (DSA)
<14>Jul 27 03:06:30 ec2: 256 SHA256:WgTFK7Tr9sgzqcizMSCMWkD0jq4olLv7/lzWQwevK4s root@ubuntu-xenial (ECDSA)
<14>Jul 27 03:06:30 ec2: 256 SHA256:oYA7pHw4mBYaqAtu4r/1yYZbSdNCHuZsoKax2ntJGQ0 root@ubuntu-xenial (ED25519)
<14>Jul 27 03:06:30 ec2: 2048 SHA256:mfbsID4HldUI2LQczjHq43ubJRX4I1ymezvUICPwWWw root@ubuntu-xenial (RSA)
<14>Jul 27 03:06:30 ec2: -----END SSH HOST KEY FINGERPRINTS-----
<14>Jul 27 03:06:30 ec2: #############################################################
-----BEGIN SSH HOST KEY KEYS-----
ecdsa-sha2-nistp256 AAAAE2VjZHNhLXNoYTItbmlzdHAyNTYAAAAIbmlzdHAyNTYAAABBBIVlIueBz9ruzMiNL8XuTuWqV5XOEki/8YWT55MTMHw7q7sgrsF1GZwNzycgUvBrU0UXRYKOEaSe31UAUmJ/f7U= root@ubuntu-xenial
ssh-ed25519 AAAAC3NzaC1lZDI1NTE5AAAAIMDHhJ9250uNyxckSjGuxG/eHV2Mi27eyJggH+IsFMyK root@ubuntu-xenial
ssh-rsa AAAAB3NzaC1yc2EAAAADAQABAAABAQDU5UfU4nTbU/ZvGQLVosrg68nPR20fw1CTC9aQ490w9Oh8zCMMOBb/wAaQJOsGOE6BDsd0Au9K+BrmyNru4rk49mBM553qCvGy768tLSuz5GySEFqhI1IPvBMLFz4sPgsAM+7HXJTkkQ4lbfCYjPpMlSbEW9MpYXRT9V3ORmOfIdTkoGwHM6pA01Fg4LH5X5fJZ6OewybRBEqa2xzZk2PNZDutq+l0Exi7VhBJB7h4yMNnrlWQ7kH4OgHPPtYYt52eYVl4n/uQuFKsao2cmQJjfk3FXsfKL4Pxl9xuhsdM6fq0OzK/0VsUAiiSeV87j4CxlCS86l/PsaTeZurqmwSR root@ubuntu-xenial
-----END SSH HOST KEY KEYS-----
[   12.823485] cloud-init[1319]: Cloud-init v. 18.2 running 'modules:final' at Fri, 27 Jul 2018 03:06:29 +0000. Up 12.33 seconds.
[   12.852365] cloud-init[1319]: ci-info: no authorized ssh keys fingerprints found for user ubuntu.
[   12.855125] cloud-init[1319]: Cloud-init v. 18.2 finished at Fri, 27 Jul 2018 03:06:30 +0000. Datasource DataSourceNoCloud [seed=/dev/sdb][dsmode=net].  Up 12.81 seconds
[[0;32m  OK  [0m] Started Execute cloud user/final scripts.
[[0;32m  OK  [0m] Reached target Cloud-init target.

Ubuntu 16.04.5 LTS ubuntu-xenial ttyS0

ubuntu-xenial login: 